[2019-11-15_15:21:37.547 | [main] | INFO  | com.target.notification.Main | Starting Main on LAPTOP-L3JPKBK3 with PID 6180 (C:\Users\Lenovo\Documents\NotificationSystem\notification-service\producer\build\classes\java\main started by Lenovo in C:\Users\Lenovo\Documents\NotificationSystem\notification-service\producer)]
[2019-11-15_15:21:37.555 | [main] | INFO  | com.target.notification.Main | No active profile set, falling back to default profiles: default]
[2019-11-15_15:21:37.619 | [main] | INFO  | org.springframework.boot.web.servlet.context.AnnotationConfigServletWebServerApplicationContext | Refreshing org.springframework.boot.web.servlet.context.AnnotationConfigServletWebServerApplicationContext@4c39bec8: startup date [Fri Nov 15 15:21:37 IST 2019]; root of context hierarchy]
[2019-11-15_15:21:39.178 | [main] | INFO  | org.springframework.beans.factory.support.DefaultListableBeanFactory | Overriding bean definition for bean 'producerFactory' with a different definition: replacing [Root bean: class [null]; scope=; abstract=false; lazyInit=false; autowireMode=3; dependencyCheck=0; autowireCandidate=true; primary=false; factoryBeanName=kafkaConfig; factoryMethodName=producerFactory; initMethodName=null; destroyMethodName=(inferred); defined in class path resource [com/target/notification/config/KafkaConfig.class]] with [Root bean: class [null]; scope=; abstract=false; lazyInit=false; autowireMode=3; dependencyCheck=0; autowireCandidate=true; primary=false; factoryBeanName=notificationController; factoryMethodName=producerFactory; initMethodName=null; destroyMethodName=(inferred); defined in class path resource [com/target/notification/web/NotificationController.class]]]
[2019-11-15_15:21:39.179 | [main] | INFO  | org.springframework.beans.factory.support.DefaultListableBeanFactory | Overriding bean definition for bean 'kafkaTemplate' with a different definition: replacing [Root bean: class [null]; scope=; abstract=false; lazyInit=false; autowireMode=3; dependencyCheck=0; autowireCandidate=true; primary=false; factoryBeanName=kafkaConfig; factoryMethodName=kafkaTemplate; initMethodName=null; destroyMethodName=(inferred); defined in class path resource [com/target/notification/config/KafkaConfig.class]] with [Root bean: class [null]; scope=; abstract=false; lazyInit=false; autowireMode=3; dependencyCheck=0; autowireCandidate=true; primary=false; factoryBeanName=notificationController; factoryMethodName=kafkaTemplate; initMethodName=null; destroyMethodName=(inferred); defined in class path resource [com/target/notification/web/NotificationController.class]]]
[2019-11-15_15:21:39.627 | [main] | INFO  | org.springframework.data.repository.config.RepositoryConfigurationDelegate | Multiple Spring Data modules found, entering strict repository configuration mode!]
[2019-11-15_15:21:40.056 | [main] | INFO  | org.springframework.context.support.PostProcessorRegistrationDelegate$BeanPostProcessorChecker | Bean 'org.springframework.kafka.annotation.KafkaBootstrapConfiguration' of type [org.springframework.kafka.annotation.KafkaBootstrapConfiguration$$EnhancerBySpringCGLIB$$3b31649c] is not eligible for getting processed by all BeanPostProcessors (for example: not eligible for auto-proxying)]
[2019-11-15_15:21:40.789 | [main] | INFO  | org.springframework.boot.web.embedded.tomcat.TomcatWebServer | Tomcat initialized with port(s): 8082 (http)]
[2019-11-15_15:21:40.804 | [main] | INFO  | org.apache.coyote.http11.Http11NioProtocol | Initializing ProtocolHandler ["http-nio-8082"]]
[2019-11-15_15:21:40.815 | [main] | INFO  | org.apache.catalina.core.StandardService | Starting service [Tomcat]]
[2019-11-15_15:21:40.815 | [main] | INFO  | org.apache.catalina.core.StandardEngine | Starting Servlet Engine: Apache Tomcat/8.5.28]
[2019-11-15_15:21:40.826 | [localhost-startStop-1] | INFO  | org.apache.catalina.core.AprLifecycleListener | The APR based Apache Tomcat Native library which allows optimal performance in production environments was not found on the java.library.path: [C:\Program Files\Java\jdk1.8.0_211\bin;C:\Windows\Sun\Java\bin;C:\Windows\system32;C:\Windows;C:\ProgramData\DockerDesktop\version-bin;C:\Program Files\Docker\Docker\Resources\bin;C:\Program Files (x86)\Common Files\Oracle\Java\javapath;C:\Windows\system32;C:\Windows;C:\Windows\System32\Wbem;C:\Windows\System32\WindowsPowerShell\v1.0\;C:\Windows\System32\OpenSSH\;C:\Program Files\Java\jdk1.8.0_211\bin;C:\Program Files\nodejs\;C:\Program Files\apache-maven-3.6.1\bin;C:\Users\Lenovo\apache-zookeeper-3.5.5\bin;C:\Program Files\Git\cmd;C:\Program Files\Git\bin;C:\Users\Lenovo\AppData\Local\Microsoft\WindowsApps;C:\Users\Lenovo\AppData\Roaming\npm;C:\Users\Lenovo\AppData\Local\Google\Cloud SDK\google-cloud-sdk\bin;.]]
[2019-11-15_15:21:40.947 | [localhost-startStop-1] | INFO  | org.apache.catalina.core.ContainerBase.[Tomcat].[localhost].[/] | Initializing Spring embedded WebApplicationContext]
[2019-11-15_15:21:40.948 | [localhost-startStop-1] | INFO  | org.springframework.web.context.ContextLoader | Root WebApplicationContext: initialization completed in 3332 ms]
[2019-11-15_15:21:42.032 | [localhost-startStop-1] | INFO  | org.springframework.boot.web.servlet.ServletRegistrationBean | Servlet dispatcherServlet mapped to [/]]
[2019-11-15_15:21:42.037 | [localhost-startStop-1] | INFO  | org.springframework.boot.web.servlet.FilterRegistrationBean | Mapping filter: 'characterEncodingFilter' to: [/*]]
[2019-11-15_15:21:42.037 | [localhost-startStop-1] | INFO  | org.springframework.boot.web.servlet.FilterRegistrationBean | Mapping filter: 'hiddenHttpMethodFilter' to: [/*]]
[2019-11-15_15:21:42.037 | [localhost-startStop-1] | INFO  | org.springframework.boot.web.servlet.FilterRegistrationBean | Mapping filter: 'httpPutFormContentFilter' to: [/*]]
[2019-11-15_15:21:42.037 | [localhost-startStop-1] | INFO  | org.springframework.boot.web.servlet.FilterRegistrationBean | Mapping filter: 'requestContextFilter' to: [/*]]
[2019-11-15_15:21:42.037 | [localhost-startStop-1] | INFO  | org.springframework.boot.web.servlet.FilterRegistrationBean | Mapping filter: 'httpTraceFilter' to: [/*]]
[2019-11-15_15:21:42.038 | [localhost-startStop-1] | INFO  | org.springframework.boot.web.servlet.FilterRegistrationBean | Mapping filter: 'webMvcMetricsFilter' to: [/*]]
[2019-11-15_15:21:42.592 | [main] | INFO  | org.springframework.web.servlet.mvc.method.annotation.RequestMappingHandlerMapping | Mapped "{[/doc],methods=[GET]}" onto public org.springframework.web.servlet.ModelAndView com.target.notification.swagger.SwaggerRedirectController.redirect3()]
[2019-11-15_15:21:42.593 | [main] | INFO  | org.springframework.web.servlet.mvc.method.annotation.RequestMappingHandlerMapping | Mapped "{[/api],methods=[GET]}" onto public org.springframework.web.servlet.ModelAndView com.target.notification.swagger.SwaggerRedirectController.redirect1()]
[2019-11-15_15:21:42.594 | [main] | INFO  | org.springframework.web.servlet.mvc.method.annotation.RequestMappingHandlerMapping | Mapped "{[/],methods=[GET]}" onto public org.springframework.web.servlet.ModelAndView com.target.notification.swagger.SwaggerRedirectController.redirect2()]
[2019-11-15_15:21:42.597 | [main] | INFO  | org.springframework.web.servlet.mvc.method.annotation.RequestMappingHandlerMapping | Mapped "{[/api/v1.0/notifier/notify/{channelType}],methods=[POST]}" onto public long com.target.notification.web.NotificationController.notify(com.target.notification.model.ChannelType,com.target.notification.model.Message)]
[2019-11-15_15:21:42.598 | [main] | INFO  | org.springframework.web.servlet.mvc.method.annotation.RequestMappingHandlerMapping | Mapped "{[/api/v1.0/notifier/notifyAll],methods=[POST]}" onto public long com.target.notification.web.NotificationController.notifyAll(com.target.notification.model.Message)]
[2019-11-15_15:21:42.599 | [main] | INFO  | org.springframework.web.servlet.mvc.method.annotation.RequestMappingHandlerMapping | Mapped "{[/v2/api-docs],methods=[GET],produces=[application/json || application/hal+json]}" onto public org.springframework.http.ResponseEntity<springfox.documentation.spring.web.json.Json> springfox.documentation.swagger2.web.Swagger2Controller.getDocumentation(java.lang.String,javax.servlet.http.HttpServletRequest)]
[2019-11-15_15:21:42.602 | [main] | INFO  | org.springframework.web.servlet.mvc.method.annotation.RequestMappingHandlerMapping | Mapped "{[/swagger-resources/configuration/ui]}" onto org.springframework.http.ResponseEntity<springfox.documentation.swagger.web.UiConfiguration> springfox.documentation.swagger.web.ApiResourceController.uiConfiguration()]
[2019-11-15_15:21:42.603 | [main] | INFO  | org.springframework.web.servlet.mvc.method.annotation.RequestMappingHandlerMapping | Mapped "{[/swagger-resources]}" onto org.springframework.http.ResponseEntity<java.util.List<springfox.documentation.swagger.web.SwaggerResource>> springfox.documentation.swagger.web.ApiResourceController.swaggerResources()]
[2019-11-15_15:21:42.604 | [main] | INFO  | org.springframework.web.servlet.mvc.method.annotation.RequestMappingHandlerMapping | Mapped "{[/swagger-resources/configuration/security]}" onto org.springframework.http.ResponseEntity<springfox.documentation.swagger.web.SecurityConfiguration> springfox.documentation.swagger.web.ApiResourceController.securityConfiguration()]
[2019-11-15_15:21:42.608 | [main] | INFO  | org.springframework.web.servlet.mvc.method.annotation.RequestMappingHandlerMapping | Mapped "{[/error]}" onto public org.springframework.http.ResponseEntity<java.util.Map<java.lang.String, java.lang.Object>> org.springframework.boot.autoconfigure.web.servlet.error.BasicErrorController.error(javax.servlet.http.HttpServletRequest)]
[2019-11-15_15:21:42.608 | [main] | INFO  | org.springframework.web.servlet.mvc.method.annotation.RequestMappingHandlerMapping | Mapped "{[/error],produces=[text/html]}" onto public org.springframework.web.servlet.ModelAndView org.springframework.boot.autoconfigure.web.servlet.error.BasicErrorController.errorHtml(javax.servlet.http.HttpServletRequest,javax.servlet.http.HttpServletResponse)]
[2019-11-15_15:21:42.757 | [main] | INFO  | org.springframework.boot.actuate.endpoint.web.servlet.WebMvcEndpointHandlerMapping | Mapped "{[/actuator/health],methods=[GET],produces=[application/vnd.spring-boot.actuator.v2+json || application/json]}" onto public java.lang.Object org.springframework.boot.actuate.endpoint.web.servlet.AbstractWebMvcEndpointHandlerMapping$OperationHandler.handle(javax.servlet.http.HttpServletRequest,java.util.Map<java.lang.String, java.lang.String>)]
[2019-11-15_15:21:42.758 | [main] | INFO  | org.springframework.boot.actuate.endpoint.web.servlet.WebMvcEndpointHandlerMapping | Mapped "{[/actuator/info],methods=[GET],produces=[application/vnd.spring-boot.actuator.v2+json || application/json]}" onto public java.lang.Object org.springframework.boot.actuate.endpoint.web.servlet.AbstractWebMvcEndpointHandlerMapping$OperationHandler.handle(javax.servlet.http.HttpServletRequest,java.util.Map<java.lang.String, java.lang.String>)]
[2019-11-15_15:21:42.760 | [main] | INFO  | org.springframework.boot.actuate.endpoint.web.servlet.WebMvcEndpointHandlerMapping | Mapped "{[/actuator],methods=[GET],produces=[application/vnd.spring-boot.actuator.v2+json || application/json]}" onto protected java.util.Map<java.lang.String, java.util.Map<java.lang.String, org.springframework.boot.actuate.endpoint.web.Link>> org.springframework.boot.actuate.endpoint.web.servlet.WebMvcEndpointHandlerMapping.links(javax.servlet.http.HttpServletRequest,javax.servlet.http.HttpServletResponse)]
[2019-11-15_15:21:43.494 | [main] | INFO  | org.springframework.web.servlet.mvc.method.annotation.RequestMappingHandlerAdapter | Looking for @ControllerAdvice: org.springframework.boot.web.servlet.context.AnnotationConfigServletWebServerApplicationContext@4c39bec8: startup date [Fri Nov 15 15:21:37 IST 2019]; root of context hierarchy]
[2019-11-15_15:21:43.590 | [main] | INFO  | org.springframework.web.servlet.handler.SimpleUrlHandlerMapping | Mapped URL path [/webjars/**] onto handler of type [class org.springframework.web.servlet.resource.ResourceHttpRequestHandler]]
[2019-11-15_15:21:43.590 | [main] | INFO  | org.springframework.web.servlet.handler.SimpleUrlHandlerMapping | Mapped URL path [/**] onto handler of type [class org.springframework.web.servlet.resource.ResourceHttpRequestHandler]]
[2019-11-15_15:21:43.653 | [main] | INFO  | org.springframework.web.servlet.handler.SimpleUrlHandlerMapping | Mapped URL path [/**/favicon.ico] onto handler of type [class org.springframework.web.servlet.resource.ResourceHttpRequestHandler]]
[2019-11-15_15:21:44.368 | [main] | INFO  | org.springframework.jmx.export.annotation.AnnotationMBeanExporter | Registering beans for JMX exposure on startup]
[2019-11-15_15:21:44.409 | [main] | INFO  | org.apache.kafka.clients.admin.AdminClientConfig | AdminClientConfig values: 
	bootstrap.servers = [localhost:9092]
	client.id = 
	connections.max.idle.ms = 300000
	metadata.max.age.ms = 300000
	metric.reporters = []
	metrics.num.samples = 2
	metrics.recording.level = INFO
	metrics.sample.window.ms = 30000
	receive.buffer.bytes = 65536
	reconnect.backoff.max.ms = 1000
	reconnect.backoff.ms = 50
	request.timeout.ms = 120000
	retries = 5
	retry.backoff.ms = 100
	sasl.jaas.config = null
	sasl.kerberos.kinit.cmd = /usr/bin/kinit
	sasl.kerberos.min.time.before.relogin = 60000
	sasl.kerberos.service.name = null
	sasl.kerberos.ticket.renew.jitter = 0.05
	sasl.kerberos.ticket.renew.window.factor = 0.8
	sasl.mechanism = GSSAPI
	security.protocol = PLAINTEXT
	send.buffer.bytes = 131072
	ssl.cipher.suites = null
	ssl.enabled.protocols = [TLSv1.2, TLSv1.1, TLSv1]
	ssl.endpoint.identification.algorithm = null
	ssl.key.password = null
	ssl.keymanager.algorithm = SunX509
	ssl.keystore.location = null
	ssl.keystore.password = null
	ssl.keystore.type = JKS
	ssl.protocol = TLS
	ssl.provider = null
	ssl.secure.random.implementation = null
	ssl.trustmanager.algorithm = PKIX
	ssl.truststore.location = null
	ssl.truststore.password = null
	ssl.truststore.type = JKS
]
[2019-11-15_15:21:44.499 | [main] | INFO  | org.apache.kafka.common.utils.AppInfoParser | Kafka version : 1.0.0]
[2019-11-15_15:21:44.500 | [main] | INFO  | org.apache.kafka.common.utils.AppInfoParser | Kafka commitId : aaa7af6d4a11b29d]
[2019-11-15_15:21:45.601 | [kafka-admin-client-thread | adminclient-1] | WARN  | org.apache.kafka.clients.NetworkClient | [AdminClient clientId=adminclient-1] Connection to node -1 could not be established. Broker may not be available.]
[2019-11-15_15:21:46.656 | [kafka-admin-client-thread | adminclient-1] | WARN  | org.apache.kafka.clients.NetworkClient | [AdminClient clientId=adminclient-1] Connection to node -1 could not be established. Broker may not be available.]
[2019-11-15_15:21:47.811 | [kafka-admin-client-thread | adminclient-1] | WARN  | org.apache.kafka.clients.NetworkClient | [AdminClient clientId=adminclient-1] Connection to node -1 could not be established. Broker may not be available.]
[2019-11-15_15:21:49.020 | [kafka-admin-client-thread | adminclient-1] | WARN  | org.apache.kafka.clients.NetworkClient | [AdminClient clientId=adminclient-1] Connection to node -1 could not be established. Broker may not be available.]
[2019-11-15_15:21:50.531 | [kafka-admin-client-thread | adminclient-1] | WARN  | org.apache.kafka.clients.NetworkClient | [AdminClient clientId=adminclient-1] Connection to node -1 could not be established. Broker may not be available.]
[2019-11-15_15:21:52.295 | [kafka-admin-client-thread | adminclient-1] | WARN  | org.apache.kafka.clients.NetworkClient | [AdminClient clientId=adminclient-1] Connection to node -1 could not be established. Broker may not be available.]
[2019-11-15_15:21:54.212 | [kafka-admin-client-thread | adminclient-1] | WARN  | org.apache.kafka.clients.NetworkClient | [AdminClient clientId=adminclient-1] Connection to node -1 could not be established. Broker may not be available.]
[2019-11-15_15:21:56.176 | [kafka-admin-client-thread | adminclient-1] | WARN  | org.apache.kafka.clients.NetworkClient | [AdminClient clientId=adminclient-1] Connection to node -1 could not be established. Broker may not be available.]
[2019-11-15_15:21:58.243 | [kafka-admin-client-thread | adminclient-1] | WARN  | org.apache.kafka.clients.NetworkClient | [AdminClient clientId=adminclient-1] Connection to node -1 could not be established. Broker may not be available.]
[2019-11-15_15:22:00.464 | [kafka-admin-client-thread | adminclient-1] | WARN  | org.apache.kafka.clients.NetworkClient | [AdminClient clientId=adminclient-1] Connection to node -1 could not be established. Broker may not be available.]
[2019-11-15_15:22:02.580 | [kafka-admin-client-thread | adminclient-1] | WARN  | org.apache.kafka.clients.NetworkClient | [AdminClient clientId=adminclient-1] Connection to node -1 could not be established. Broker may not be available.]
[2019-11-15_15:22:04.795 | [kafka-admin-client-thread | adminclient-1] | WARN  | org.apache.kafka.clients.NetworkClient | [AdminClient clientId=adminclient-1] Connection to node -1 could not be established. Broker may not be available.]
[2019-11-15_15:22:06.660 | [kafka-admin-client-thread | adminclient-1] | WARN  | org.apache.kafka.clients.NetworkClient | [AdminClient clientId=adminclient-1] Connection to node -1 could not be established. Broker may not be available.]
[2019-11-15_15:22:08.523 | [kafka-admin-client-thread | adminclient-1] | WARN  | org.apache.kafka.clients.NetworkClient | [AdminClient clientId=adminclient-1] Connection to node -1 could not be established. Broker may not be available.]
[2019-11-15_15:22:10.692 | [kafka-admin-client-thread | adminclient-1] | WARN  | org.apache.kafka.clients.NetworkClient | [AdminClient clientId=adminclient-1] Connection to node -1 could not be established. Broker may not be available.]
[2019-11-15_15:22:12.604 | [kafka-admin-client-thread | adminclient-1] | WARN  | org.apache.kafka.clients.NetworkClient | [AdminClient clientId=adminclient-1] Connection to node -1 could not be established. Broker may not be available.]
[2019-11-15_15:22:14.468 | [kafka-admin-client-thread | adminclient-1] | WARN  | org.apache.kafka.clients.NetworkClient | [AdminClient clientId=adminclient-1] Connection to node -1 could not be established. Broker may not be available.]
[2019-11-15_15:22:16.328 | [kafka-admin-client-thread | adminclient-1] | WARN  | org.apache.kafka.clients.NetworkClient | [AdminClient clientId=adminclient-1] Connection to node -1 could not be established. Broker may not be available.]
[2019-11-15_15:22:18.498 | [kafka-admin-client-thread | adminclient-1] | WARN  | org.apache.kafka.clients.NetworkClient | [AdminClient clientId=adminclient-1] Connection to node -1 could not be established. Broker may not be available.]
[2019-11-15_15:22:20.513 | [kafka-admin-client-thread | adminclient-1] | WARN  | org.apache.kafka.clients.NetworkClient | [AdminClient clientId=adminclient-1] Connection to node -1 could not be established. Broker may not be available.]
[2019-11-15_15:22:22.728 | [kafka-admin-client-thread | adminclient-1] | WARN  | org.apache.kafka.clients.NetworkClient | [AdminClient clientId=adminclient-1] Connection to node -1 could not be established. Broker may not be available.]
[2019-11-15_15:22:24.513 | [kafka-admin-client-thread | adminclient-1] | INFO  | org.apache.kafka.clients.admin.KafkaAdminClient | [AdminClient clientId=adminclient-1] Forcing a hard I/O thread shutdown. Requests in progress will be aborted.]
[2019-11-15_15:22:24.536 | [main] | INFO  | org.springframework.context.support.DefaultLifecycleProcessor | Starting beans in phase 2147483547]
[2019-11-15_15:22:24.537 | [main] | INFO  | org.springframework.context.support.DefaultLifecycleProcessor | Starting beans in phase 2147483647]
[2019-11-15_15:22:24.537 | [main] | INFO  | springfox.documentation.spring.web.plugins.DocumentationPluginsBootstrapper | Context refreshed]
[2019-11-15_15:22:24.567 | [main] | INFO  | springfox.documentation.spring.web.plugins.DocumentationPluginsBootstrapper | Found 1 custom documentation plugin(s)]
[2019-11-15_15:22:24.611 | [main] | INFO  | springfox.documentation.spring.web.scanners.ApiListingReferenceScanner | Scanning for api listing references]
[2019-11-15_15:22:24.782 | [main] | INFO  | org.apache.coyote.http11.Http11NioProtocol | Starting ProtocolHandler ["http-nio-8082"]]
[2019-11-15_15:22:24.785 | [main] | INFO  | org.apache.tomcat.util.net.NioSelectorPool | Using a shared selector for servlet write/read]
[2019-11-15_15:22:24.801 | [main] | INFO  | org.springframework.boot.web.embedded.tomcat.TomcatWebServer | Tomcat started on port(s): 8082 (http) with context path '']
[2019-11-15_15:22:24.805 | [main] | INFO  | com.target.notification.Main | Started Main in 47.641 seconds (JVM running for 48.698)]
